<?xml version="1.0" encoding="UTF-8"?>
<testsuite name="controllers.NoteAPITest$UpdateNotes" tests="1" skipped="0" failures="0" errors="0" timestamp="2022-11-05T20:50:14" hostname="DESKTOP-1BKCROP" time="0.705">
  <properties/>
  <testcase name="saving and loading an loaded collection in JSON doesn't loose data()" classname="controllers.NoteAPITest$UpdateNotes" time="0.705"/>
  <system-out><![CDATA[]]></system-out>
  <system-err><![CDATA[]]></system-err>
</testsuite>
