<?xml version="1.0" encoding="UTF-8"?>
<testsuite name="controllers.NoteAPITest$UpdateNotes" tests="1" skipped="0" failures="0" errors="0" timestamp="2022-11-06T08:20:47" hostname="DESKTOP-1BKCROP" time="0.114">
  <properties/>
  <testcase name="updating a note that exists returns true and updates()" classname="controllers.NoteAPITest$UpdateNotes" time="0.114"/>
  <system-out><![CDATA[]]></system-out>
  <system-err><![CDATA[]]></system-err>
</testsuite>
